[debug] [2022-10-14T16:20:22.615Z] ----------------------------------------------------------------------
[debug] [2022-10-14T16:20:22.617Z] Command:       C:\Program Files\nodejs\node.exe C:\Users\JonDeex\AppData\Roaming\npm\node_modules\firebase-tools\lib\bin\firebase.js init
[debug] [2022-10-14T16:20:22.617Z] CLI Version:   11.14.3
[debug] [2022-10-14T16:20:22.617Z] Platform:      win32
[debug] [2022-10-14T16:20:22.617Z] Node Version:  v16.16.0
[debug] [2022-10-14T16:20:22.618Z] Time:          Fri Oct 14 2022 12:20:22 GMT-0400 (Eastern Daylight Time)
[debug] [2022-10-14T16:20:22.618Z] ----------------------------------------------------------------------
[debug] 
[debug] [2022-10-14T16:20:22.624Z] > command requires scopes: ["email","openid","https://www.googleapis.com/auth/cloudplatformprojects.readonly","https://www.googleapis.com/auth/firebase","https://www.googleapis.com/auth/cloud-platform"]
[debug] [2022-10-14T16:20:22.624Z] > authorizing via signed-in user (jonathanduncanr@gmail.com)
[info] 
     ######## #### ########  ######## ########     ###     ######  ########
     ##        ##  ##     ## ##       ##     ##  ##   ##  ##       ##
     ######    ##  ########  ######   ########  #########  ######  ######
     ##        ##  ##    ##  ##       ##     ## ##     ##       ## ##
     ##       #### ##     ## ######## ########  ##     ##  ######  ########

You're about to initialize a Firebase project in this directory:

  C:\projects\xdash

Before we get started, keep in mind:

  * You are currently outside your home directory

[info] 
=== Project Setup
[info] 
[info] First, let's associate this project directory with a Firebase project.
[info] You can create multiple project aliases by running firebase use --add, 
[info] but for now we'll just set up a default project.
[info] 
[debug] [2022-10-14T16:20:37.403Z] >>> [apiv2][query] GET https://firebase.googleapis.com/v1beta1/projects pageSize=100
[debug] [2022-10-14T16:20:37.863Z] <<< [apiv2][status] GET https://firebase.googleapis.com/v1beta1/projects 200
[debug] [2022-10-14T16:20:37.863Z] <<< [apiv2][body] GET https://firebase.googleapis.com/v1beta1/projects [omitted]
[info] i  Using project xsyst-7a1b1 (XSYST) 
[info] 
=== Hosting Setup
[info] 
[info] Your public directory is the folder (relative to your project directory) that
[info] will contain Hosting assets to be uploaded with firebase deploy. If you
[info] have a build process for your assets, use your build's output directory.
[info] 
